Using pre-set license
Built from '2021.3/staging' branch; Version is '2021.3.10f1 (1c7d0df0160b) revision 1867021'; Using compiler version '192829333'; Build Type 'Release'
OS: 'Windows 11  (10.0.22000) 64bit Core' Language: 'fr' Physical Memory: 16085 MB
BatchMode: 1, IsHumanControllingUs: 0, StartBugReporterOnCrash: 0, Is64bit: 1, IsPro: 1

COMMAND LINE ARGUMENTS:
C:\Program Files\Unity\Hub\Editor\2021.3.10f1\Editor\Unity.exe
-adb2
-batchMode
-noUpm
-name
AssetImportWorker2
-projectPath
C:/Users/luluj/Documents/Dev/Hololearn2H/HoloLearn2H
-logFile
Logs/AssetImportWorker2.log
-srvPort
62210
Successfully changed project path to: C:/Users/luluj/Documents/Dev/Hololearn2H/HoloLearn2H
C:/Users/luluj/Documents/Dev/Hololearn2H/HoloLearn2H
[UnityMemory] Configuration Parameters - Can be set up in boot.config
    "memorysetup-bucket-allocator-granularity=16"
    "memorysetup-bucket-allocator-bucket-count=8"
    "memorysetup-bucket-allocator-block-size=33554432"
    "memorysetup-bucket-allocator-block-count=8"
    "memorysetup-main-allocator-block-size=16777216"
    "memorysetup-thread-allocator-block-size=16777216"
    "memorysetup-gfx-main-allocator-block-size=16777216"
    "memorysetup-gfx-thread-allocator-block-size=16777216"
    "memorysetup-cache-allocator-block-size=4194304"
    "memorysetup-typetree-allocator-block-size=2097152"
    "memorysetup-profiler-bucket-allocator-granularity=16"
    "memorysetup-profiler-bucket-allocator-bucket-count=8"
    "memorysetup-profiler-bucket-allocator-block-size=33554432"
    "memorysetup-profiler-bucket-allocator-block-count=8"
    "memorysetup-profiler-allocator-block-size=16777216"
    "memorysetup-profiler-editor-allocator-block-size=1048576"
    "memorysetup-temp-allocator-size-main=16777216"
    "memorysetup-job-temp-allocator-block-size=2097152"
    "memorysetup-job-temp-allocator-block-size-background=1048576"
    "memorysetup-job-temp-allocator-reduction-small-platforms=262144"
    "memorysetup-temp-allocator-size-background-worker=32768"
    "memorysetup-temp-allocator-size-job-worker=262144"
    "memorysetup-temp-allocator-size-preload-manager=33554432"
    "memorysetup-temp-allocator-size-nav-mesh-worker=65536"
    "memorysetup-temp-allocator-size-audio-worker=65536"
    "memorysetup-temp-allocator-size-cloud-worker=32768"
    "memorysetup-temp-allocator-size-gi-baking-worker=262144"
    "memorysetup-temp-allocator-size-gfx=262144"
Refreshing native plugins compatible for Editor in 117.03 ms, found 13 plugins.
Preloading 0 native plugins for Editor in 0.00 ms.
Initialize engine version: 2021.3.10f1 (1c7d0df0160b)
[Subsystems] Discovering subsystems at path C:/Program Files/Unity/Hub/Editor/2021.3.10f1/Editor/Data/Resources/UnitySubsystems
[Subsystems] Discovering subsystems at path C:/Users/luluj/Documents/Dev/Hololearn2H/HoloLearn2H/Assets
GfxDevice: creating device client; threaded=0; jobified=0
Direct3D:
    Version:  Direct3D 11.0 [level 11.1]
    Renderer: NVIDIA GeForce RTX 3050 Laptop GPU (ID=0x25a2)
    Vendor:   NVIDIA
    VRAM:     3993 MB
    Driver:   31.0.15.1694
Initialize mono
Mono path[0] = 'C:/Program Files/Unity/Hub/Editor/2021.3.10f1/Editor/Data/Managed'
Mono path[1] = 'C:/Program Files/Unity/Hub/Editor/2021.3.10f1/Editor/Data/MonoBleedingEdge/lib/mono/unityjit-win32'
Mono config path = 'C:/Program Files/Unity/Hub/Editor/2021.3.10f1/Editor/Data/MonoBleedingEdge/etc'
Using monoOptions --debugger-agent=transport=dt_socket,embedding=1,server=y,suspend=n,address=127.0.0.1:56880
Begin MonoManager ReloadAssembly
Registering precompiled unity dll's ...
Register platform support module: C:/Program Files/Unity/Hub/Editor/2021.3.10f1/Editor/Data/PlaybackEngines/WebGLSupport/UnityEditor.WebGL.Extensions.dll
Register platform support module: C:/Program Files/Unity/Hub/Editor/2021.3.10f1/Editor/Data/PlaybackEngines/WindowsStandaloneSupport/UnityEditor.WindowsStandalone.Extensions.dll
Register platform support module: C:/Program Files/Unity/Hub/Editor/2021.3.10f1/Editor/Data/PlaybackEngines/MetroSupport/UnityEditor.UWP.Extensions.dll
Registered in 0.006699 seconds.
Native extension for UWP target not found
Native extension for WindowsStandalone target not found
Native extension for WebGL target not found
Refreshing native plugins compatible for Editor in 115.17 ms, found 13 plugins.
Preloading 0 native plugins for Editor in 0.00 ms.
Mono: successfully reloaded assembly
- Completed reload, in  0.681 seconds
Domain Reload Profiling:
	ReloadAssembly (682ms)
		BeginReloadAssembly (75ms)
			ExecutionOrderSort (0ms)
			DisableScriptedObjects (0ms)
			BackupInstance (0ms)
			ReleaseScriptingObjects (0ms)
			CreateAndSetChildDomain (1ms)
		EndReloadAssembly (494ms)
			LoadAssemblies (73ms)
			RebuildTransferFunctionScriptingTraits (0ms)
			SetupTypeCache (104ms)
			ReleaseScriptCaches (0ms)
			RebuildScriptCaches (29ms)
			SetupLoadedEditorAssemblies (307ms)
				LogAssemblyErrors (0ms)
				InitializePlatformSupportModulesInManaged (9ms)
				SetLoadedEditorAssemblies (0ms)
				RefreshPlugins (115ms)
				BeforeProcessingInitializeOnLoad (1ms)
				ProcessInitializeOnLoadAttributes (132ms)
				ProcessInitializeOnLoadMethodAttributes (50ms)
				AfterProcessingInitializeOnLoad (0ms)
				EditorAssembliesLoaded (0ms)
			ExecutionOrderSort2 (0ms)
			AwakeInstancesAfterBackupRestoration (0ms)
Platform modules already initialized, skipping
Registering precompiled user dll's ...
Registered in 0.011456 seconds.
Begin MonoManager ReloadAssembly
Symbol file LoadedFromMemory doesn't match image C:\Users\luluj\Documents\Dev\Hololearn2H\HoloLearn2H\Library\PackageCache\com.unity.visualscripting@1.7.8\Editor\VisualScripting.Core\Dependencies\DotNetZip\Unity.VisualScripting.IonicZip.dll
Symbol file LoadedFromMemory doesn't match image C:\Users\luluj\Documents\Dev\Hololearn2H\HoloLearn2H\Library\PackageCache\com.unity.visualscripting@1.7.8\Editor\VisualScripting.Core\Dependencies\YamlDotNet\Unity.VisualScripting.YamlDotNet.dll
Native extension for UWP target not found
Native extension for WindowsStandalone target not found
Native extension for WebGL target not found
Refreshing native plugins compatible for Editor in 155.99 ms, found 13 plugins.
Preloading 0 native plugins for Editor in 0.00 ms.
Package Manager log level set to [2]
[XR] [MROpenXR][Info   ][15:24:19.577650][tid:59e8] MeshProvider_RegisterLifecycleProvider
[XR] [MROpenXR][Info   ][15:24:19.577727][tid:59e8] InputProvider_RegisterLifecycleProvider
[XR] Error loading subsystem: Display (1) (header mismatch?)
[XR] [MROpenXR][Info   ][15:24:19.579194][tid:59e8] OnPluginStarted UnityVersion=2021.3.10f1 OpenXRPluginVersion=1.5.3 MROpenXRPluginVersion=1.6.0.0 PartA_PrivTags=33554432
Mono: successfully reloaded assembly
- Completed reload, in  2.068 seconds
Domain Reload Profiling:
	ReloadAssembly (2069ms)
		BeginReloadAssembly (131ms)
			ExecutionOrderSort (0ms)
			DisableScriptedObjects (8ms)
			BackupInstance (0ms)
			ReleaseScriptingObjects (0ms)
			CreateAndSetChildDomain (23ms)
		EndReloadAssembly (1804ms)
			LoadAssemblies (116ms)
			RebuildTransferFunctionScriptingTraits (0ms)
			SetupTypeCache (385ms)
			ReleaseScriptCaches (1ms)
			RebuildScriptCaches (98ms)
			SetupLoadedEditorAssemblies (1139ms)
				LogAssemblyErrors (0ms)
				InitializePlatformSupportModulesInManaged (6ms)
				SetLoadedEditorAssemblies (0ms)
				RefreshPlugins (156ms)
				BeforeProcessingInitializeOnLoad (168ms)
				ProcessInitializeOnLoadAttributes (740ms)
				ProcessInitializeOnLoadMethodAttributes (63ms)
				AfterProcessingInitializeOnLoad (5ms)
				EditorAssembliesLoaded (0ms)
			ExecutionOrderSort2 (0ms)
			AwakeInstancesAfterBackupRestoration (6ms)
Platform modules already initialized, skipping
========================================================================
Worker process is ready to serve import requests
Launched and connected shader compiler UnityShaderCompiler.exe after 0.05 seconds
Refreshing native plugins compatible for Editor in 1.98 ms, found 13 plugins.
Preloading 0 native plugins for Editor in 0.00 ms.
Unloading 5635 Unused Serialized files (Serialized files now loaded: 0)
Unloading 53 unused Assets / (115.8 KB). Loaded Objects now: 6110.
Memory consumption went from 192.2 MB to 192.1 MB.
Total: 6.440400 ms (FindLiveObjects: 0.654000 ms CreateObjectMapping: 0.340200 ms MarkObjects: 5.255800 ms  DeleteObjects: 0.188400 ms)

AssetImportParameters requested are different than current active one (requested -> active):
  custom:video-decoder-ogg-theora: a1e56fd34408186e4bbccfd4996cb3dc -> 
  custom:container-muxer-webm: aa71ff27fc2769a1b78a27578f13a17b -> 
  custom:container-demuxer-webm: 4f35f7cbe854078d1ac9338744f61a02 -> 
  custom:video-encoder-webm-vp8: eb34c28f22e8b96e1ab97ce403110664 -> 
  custom:audio-encoder-webm-vorbis: bf7c407c2cedff20999df2af8eb42d56 -> 
  custom:framework-win-MediaFoundation: 216162199b28c13a410421893ffa2e32 -> 
  custom:container-demuxer-ogg: 62fdf1f143b41e24485cea50d1cbac27 -> 
  custom:video-decoder-webm-vp8: 9c59270c3fd7afecdb556c50c9e8de78 -> 
  custom:audio-decoder-ogg-vorbis: bf7c407c2cedff20999df2af8eb42d56 -> 
========================================================================
Received Import Request.
  Time since last request: 540243.900493 seconds.
  path: Packages/com.microsoft.mixedreality.toolkit.foundation/SDK/Features/UX/Meshes/Cursors/TeleportCursor.fbx
  artifactKey: Guid(63df887775f744ff81b5498f43f24074) Importer(815301076,1909f56bfc062723c751e8b465ee728b)
Start importing Packages/com.microsoft.mixedreality.toolkit.foundation/SDK/Features/UX/Meshes/Cursors/TeleportCursor.fbx using Guid(63df887775f744ff81b5498f43f24074) Importer(815301076,1909f56bfc062723c751e8b465ee728b)  -> (artifact id: 'ef11dcdba53119f81a2b4af621d279b3') in 0.471532 seconds 
========================================================================
Received Import Request.
  Time since last request: 0.000066 seconds.
  path: Packages/com.microsoft.mixedreality.toolkit.foundation/SDK/Features/UX/Materials/BoundsControlHandleDefault.mat
  artifactKey: Guid(ac37c7c0a1a7e8646b4f9f3ab4a6bfd9) Importer(815301076,1909f56bfc062723c751e8b465ee728b)
Start importing Packages/com.microsoft.mixedreality.toolkit.foundation/SDK/Features/UX/Materials/BoundsControlHandleDefault.mat using Guid(ac37c7c0a1a7e8646b4f9f3ab4a6bfd9) Importer(815301076,1909f56bfc062723c751e8b465ee728b)  -> (artifact id: '8b134ca0f23837ccb7031baa1ebfc037') in 0.193077 seconds 
========================================================================
Received Import Request.
  Time since last request: 0.000072 seconds.
  path: Packages/com.microsoft.mixedreality.toolkit.standardassets/Fonts/selawkb.ttf
  artifactKey: Guid(a99e8b1ed1154eb58270cc6a18605657) Importer(815301076,1909f56bfc062723c751e8b465ee728b)
Start importing Packages/com.microsoft.mixedreality.toolkit.standardassets/Fonts/selawkb.ttf using Guid(a99e8b1ed1154eb58270cc6a18605657) Importer(815301076,1909f56bfc062723c751e8b465ee728b)  -> (artifact id: 'fe1a824d13f44fe9a3a69dd3faf355cb') in 0.068123 seconds 
========================================================================
Received Import Request.
  Time since last request: 0.000049 seconds.
  path: Packages/com.microsoft.mixedreality.toolkit.foundation/SDK/Features/UX/Materials/BoundingBoxSlateGrabbed.mat
  artifactKey: Guid(f671b04930fdad54c8b50a4c6d7d9b02) Importer(815301076,1909f56bfc062723c751e8b465ee728b)
Start importing Packages/com.microsoft.mixedreality.toolkit.foundation/SDK/Features/UX/Materials/BoundingBoxSlateGrabbed.mat using Guid(f671b04930fdad54c8b50a4c6d7d9b02) Importer(815301076,1909f56bfc062723c751e8b465ee728b)  -> (artifact id: '415db9076fdb0af35b7dad22d18c34aa') in 0.100724 seconds 
Editor requested this worker to shutdown with reason: Scaling down because of idle timeout
AssetImportWorker is now disconnected from the server
Process exiting
Exiting without the bug reporter. Application will terminate with return code 0